TN:
SF:src\index.js
FN:6,initApp
FN:11,(anonymous_1)
FNF:2
FNH:1
FNDA:1,initApp
FNDA:0,(anonymous_1)
DA:7,1
DA:10,1
DA:11,1
DA:12,0
DA:14,1
DA:17,1
DA:18,1
DA:20,1
DA:21,1
DA:22,1
DA:25,1
DA:26,1
DA:27,1
DA:32,1
DA:36,1
DA:37,0
DA:39,1
LF:17
LH:15
BRDA:36,0,0,0
BRDA:36,0,1,1
BRF:2
BRH:1
end_of_record
TN:
SF:src\utils.js
FN:6,formatDate
FN:23,calculateSum
FN:32,(anonymous_2)
FN:45,validateEmail
FNF:4
FNH:3
FNDA:1,formatDate
FNDA:1,calculateSum
FNDA:5,(anonymous_2)
FNDA:0,validateEmail
DA:7,1
DA:8,0
DA:11,1
DA:12,1
DA:13,1
DA:15,1
DA:24,1
DA:25,0
DA:28,1
DA:29,0
DA:32,1
DA:33,5
DA:34,0
DA:36,5
DA:46,0
DA:47,0
DA:50,0
DA:51,0
LF:18
LH:10
BRDA:7,0,0,0
BRDA:7,0,1,1
BRDA:24,1,0,0
BRDA:24,1,1,1
BRDA:28,2,0,0
BRDA:28,2,1,1
BRDA:33,3,0,0
BRDA:33,3,1,5
BRDA:46,4,0,0
BRDA:46,4,1,0
BRF:10
BRH:4
end_of_record
TN:
SF:src\components\Button.js
FN:5,(anonymous_0)
FN:7,(anonymous_1)
FN:14,(anonymous_2)
FN:26,(anonymous_3)
FN:33,(anonymous_4)
FN:40,(anonymous_5)
FNF:6
FNH:2
FNDA:1,(anonymous_0)
FNDA:0,(anonymous_1)
FNDA:1,(anonymous_2)
FNDA:0,(anonymous_3)
FNDA:0,(anonymous_4)
FNDA:0,(anonymous_5)
DA:6,1
DA:7,1
DA:15,1
DA:16,1
DA:17,1
DA:18,1
DA:19,1
DA:27,0
DA:34,0
DA:41,0
LF:10
LH:7
BRDA:6,0,0,1
BRDA:6,0,1,0
BRDA:7,1,0,1
BRDA:7,1,1,0
BRF:4
BRH:2
end_of_record
